1644643227084	geckodriver	INFO	Listening on 127.0.0.1:63597
1644643229997	mozrunner::runner	INFO	Running command: "C:\\Program Files\\Mozilla Firefox\\firefox.exe" "--marionette" "--remote-debugging-port" "63598" "-no-remote" "-profile" "C:\\Users\\Praveen M\\AppData\\Local\\Temp\\rust_mozprofileUGSv8Z"
1644643233695	Marionette	INFO	Marionette enabled
console.warn: SearchSettings: "get: No settings file exists, new profile?" (new NotFoundError("Could not open the file at C:\\Users\\Praveen M\\AppData\\Local\\Temp\\rust_mozprofileUGSv8Z\\search.json.mozlz4", (void 0)))
console.error: Region.jsm: "Error fetching region" (new Error("TIMEOUT", "resource://gre/modules/Region.jsm", 772))
console.error: Region.jsm: "Failed to fetch region" (new Error("TIMEOUT", "resource://gre/modules/Region.jsm", 419))
DevTools listening on ws://localhost:63598/devtools/browser/bae495ba-78ba-40a2-8cf5-d384e4a0738e
1644643251680	Marionette	INFO	Listening on port 63603
1644643254639	RemoteAgent	WARN	TLS certificate errors will be ignored for this session
JavaScript error: http://demo.openemr.io/b/openemr/library/dialog.js?v=63, line 79: ReferenceError: includeScript is not defined
JavaScript warning: http://avernusrouerie.com/rSPf2dAl6mq4o/6933?aDcPgiD=1&aDgRpiD=93&tAgaDiD=462&nsVnM=b1, line 1: WEBGL_debug_renderer_info is deprecated in Firefox and will be removed. Please use RENDERER.
1644643321377	Marionette	INFO	Stopped listening on port 63603
JavaScript error: resource:///modules/Interactions.jsm, line 201: NS_ERROR_FAILURE: Component returned failure code: 0x80004005 (NS_ERROR_FAILURE) [nsIUserIdleService.removeIdleObserver]
Marionette threw an error: [Exception... "Component returned failure code: 0x80040111 (NS_ERROR_NOT_AVAILABLE) [nsICertOverrideService.setDisableAllSecurityChecksAndLetAttackersInterceptMyData]"  nsresult: "0x80040111 (NS_ERROR_NOT_AVAILABLE)"  location: "JS frame :: chrome://remote/content/marionette/cert.js :: allowAllCerts.disable :: line 55"  data: no]
allowAllCerts.disable@chrome://remote/content/marionette/cert.js:55:23
destroy@chrome://remote/content/shared/webdriver/Session.jsm:207:19
GeckoDriver.prototype.deleteSession@chrome://remote/content/marionette/driver.js:2147:25
GeckoDriver.prototype.quit@chrome://remote/content/marionette/driver.js:2647:8
despatch@chrome://remote/content/marionette/server.js:306:40
execute@chrome://remote/content/marionette/server.js:279:16
onPacket/<@chrome://remote/content/marionette/server.js:252:20
onPacket@chrome://remote/content/marionette/server.js:253:9
_onJSONObjectReady/<@chrome://remote/content/marionette/transport.js:500:20

JavaScript error: chrome://remote/content/marionette/driver.js, line 2134: NS_ERROR_ILLEGAL_VALUE: Component returned failure code: 0x80070057 (NS_ERROR_ILLEGAL_VALUE) [nsIObserverService.removeObserver]
[Parent 10488, IPC I/O Parent] WARNING: file /builds/worker/checkouts/gecko/ipc/chromium/src/base/process_util_win.cc:167
